[flxps.shop/flips/index.html]
[backblue.gif]
[fade.gif]
[index.html]
[flxps.shop/flips/js/fbevents.js]
[flxps.shop/flips/js/jquery-3.6.0.min.js]
[flxps.shop/flips/images/favicon.png]
[flxps.shop/flips/css/bootstrap.min.css]
[flxps.shop/flips/css/custom.css]
[flxps.shop/flips/css/all.min.css]
[flxps.shop/flips/images/nav.svg]
[flxps.shop/flips/images/flogo.svg]
[flxps.shop/flips/images/download.svg]
[flxps.shop/flips/images/69eb286811157f54.jpg]
[flxps.shop/flips/js/jquery.min.js]
[flxps.shop/flips/images/7d82cc80b5102a8f.jpg]
[flxps.shop/flips/images/f7cc5b740d70a138.png]
[flxps.shop/flips/images/e16d27874c9893a7.jpg]
[flxps.shop/flips/images/feac55d05b506939.png]
[flxps.shop/flips/images/21992b0457c4e54a.jpg]
[flxps.shop/flips/images/d4eb8e3ec3441c23.jpg]
[flxps.shop/flips/images/c57c5a3c8b94bb22.jpg]
[flxps.shop/flips/images/58ff5bf7a8dd65d6.jpg]
[flxps.shop/flips/images/1257ee2d66ca9487.jpg]
[flxps.shop/flips/images/4380022f338ef894.jpg]
[flxps.shop/flips/images/1c9747dc5d7eb886.jpg]
[flxps.shop/flips/images/9720b5d241ed6e4c.jpg]
[flxps.shop/flips/images/146655be0f839406.jpg]
[flxps.shop/flips/images/ca85172bc06eb986.png]
[flxps.shop/flips/3.html]
[flxps.shop/flips/images/71d7rfSl0wL._SX679_.jpg]
[flxps.shop/flips/images/b83cee93-e815-4232-bba2-c209116588de.png]
[flxps.shop/flips/4.html]
[flxps.shop/flips/images/81CgtwSII3L._SX679_.jpg]
[flxps.shop/flips/5.html]
[flxps.shop/flips/images/51uFfdAv0ML._SX522_.jpg]
[flxps.shop/flips/6.html]
[flxps.shop/flips/images/71hd6n3-jTL._SX569_.jpg]
[flxps.shop/flips/7.html]
[flxps.shop/flips/images/71waR9n2enL._SX569_.jpg]
[flxps.shop/flips/9.html]
[flxps.shop/flips/images/51f44h5O_LL._SX679.jpg]
[flxps.shop/flips/10.html]
[flxps.shop/flips/images/original-imagz6radeccth8g.jpg]
[flxps.shop/flips/11.html]
[flxps.shop/flips/images/81-sJRhEapL._SX679.jpg]
[flxps.shop/flips/12.html]
[flxps.shop/flips/images/61ZSU4OILFL._SX679.jpg]
[flxps.shop/flips/13.html]
[flxps.shop/flips/images/61Tcs4Yc9GL._SX679.jpg]
[flxps.shop/flips/14.html]
[flxps.shop/flips/images/81Cir3akReL._SX679.jpg]
[flxps.shop/flips/15.html]
[flxps.shop/flips/images/71hKVSE-ESL._SX679.jpg]
[flxps.shop/flips/16.html]
[flxps.shop/flips/images/615eDuT_-6L._SX679.jpg]
[flxps.shop/flips/17.html]
[flxps.shop/flips/images/61d65kSzUaL._SX679.jpg]
[flxps.shop/flips/18.html]
[flxps.shop/flips/images/61AWFXdMBlL._SX679.jpg]
[flxps.shop/flips/19.html]
[flxps.shop/flips/images/61QNjEKjLOL._SY879.jpg]
[flxps.shop/flips/20.html]
[flxps.shop/flips/images/original-imaghr9u2bghnxuh.jpg]
[flxps.shop/flips/images/logo_lite-cbb357.png]
[flxps.shop/flips/cart.html]
[flxps.shop/flips/js/bootstrap.min.js]
[flxps.shop/flips/js/jquery.lazyload.min.js]
[flxps.shop/flips/assets/images/theme/search.html]
[flxps.shop/flips/index.html]
[flxps.shop/flips/a.html]
[flxps.shop/flips/POST.html]
[flxps.shop/flips/schema.org/index.html]
[flxps.shop/flips/b.html]
[flxps.shop/flips/signals/iwl.html]
[flxps.shop/flips/js/fbevents.js]
[flxps.shop/flips/js/jquery-3.6.0.min.js]
[flxps.shop/flips/index-2.html]
[flxps.shop/flips/css/bootstrap.min.css]
[flxps.shop/flips/fonts/Mier_B02-Bold.html]
[flxps.shop/flips/fonts/Mier_B02-Bold-2.html]
[flxps.shop/flips/fonts/Mier_B02-Bold-3.html]
[flxps.shop/flips/fonts/Mier_B02-Book.html]
[flxps.shop/flips/fonts/Mier_B02-Book-2.html]
[flxps.shop/flips/fonts/Mier_B02-Demi.html]
[flxps.shop/flips/fonts/Mier_B02-Demi-2.html]
[flxps.shop/flips/fonts/Mier_B02-Demi-3.html]
[flxps.shop/flips/css/..assets/images/search.html]
[flxps.shop/flips/images/arrow.png]
[flxps.shop/flips/css/custom.css]
[flxps.shop/flips/fonts/fa-brands-400.woff2]
[flxps.shop/flips/fonts/fa-brands-400.ttf]
[flxps.shop/flips/fonts/fa-regular-400.woff2]
[flxps.shop/flips/fonts/fa-regular-400.ttf]
[flxps.shop/flips/fonts/fa-solid-900.woff2]
[flxps.shop/flips/fonts/fa-v4compatibility.woff2]
[flxps.shop/flips/css/all.min.css]
[flxps.shop/flips/js/jquery.min.js]
[flxps.shop/flips/images/nav.svg]
[flxps.shop/flips/images/flogo.svg]
[flxps.shop/flips/images/download.svg]
[flxps.shop/flips/fonts/fa-v4compatibility.ttf]
[flxps.shop/flips/fonts/fa-solid-900.ttf]
[flxps.shop/code.jquery.com/jquery-3.6.0.min.js]
[flxps.shop/flips/assets/images/favicon.png]
[flxps.shop/flips/assets/website/css/bootstrap.min.css]
[flxps.shop/flips/assets/website/css/custom.css]
[flxps.shop/cdnjs.cloudflare.com/ajax/libs/font-awesome/6.5.1/css/all.min.css]
[flxps.shop/flips/assets/website/js/jquery.min.js]
[flxps.shop/connect.facebook.net/en_US/fbevents.js]
[flxps.shop/m.media-amazon.com/images/I/71d7rfSl0wL._SX679_.jpg]
[flxps.shop/m.media-amazon.com/images/I/51wKeZuX6rL._SX679_.jpg]
[flxps.shop/m.media-amazon.com/images/I/712CBkmhLhL._SX679_.jpg]
[flxps.shop/m.media-amazon.com/images/I/61f4dTush1L._SX679_.jpg]
[flxps.shop/m.media-amazon.com/images/I/81BnjSLm2oL._SX679_.jpg]
[flxps.shop/m.media-amazon.com/images/I/71657TiFeHL._SX679_.jpg]
[flxps.shop/m.media-amazon.com/images/I/71nvkHnPpZL._SX679_.jpg]
[flxps.shop/m.media-amazon.com/images/I/71v2jVh6nIL._SX679_.jpg]
[flxps.shop/m.media-amazon.com/images/I/71REplb5oZL._SX679_.jpg]
[flxps.shop/rukminim2.flixcart.com/www/116/34/promos/07/06/2022/b83cee93-e815-4232-bba2-c209116588de0e0e0e0e.png]
[flxps.shop/d2xamzlzrdbdbn.cloudfront.net/freebie/1d81a4fb-43de-4b6a-a0c5-09df0c5fd0fb23221231.jpg]
[flxps.shop/d2xamzlzrdbdbn.cloudfront.net/freebie/b7c5ebb2-48ff-486e-9fd2-a85947b12da223221231.jpg]
[flxps.shop/d2xamzlzrdbdbn.cloudfront.net/freebie/d765cd1d-5f8b-41b7-bbde-f85bb5e5157c23221231.jpg]
[flxps.shop/d2xamzlzrdbdbn.cloudfront.net/freebie/72fe6dc3-c1bd-46e0-9229-1a21a5866ce623221231.jpg]
[flxps.shop/d2xamzlzrdbdbn.cloudfront.net/freebie/b524865f-f45a-4b52-8ba1-103eb4d440f123221231.jpg]
[flxps.shop/flips/assets/images/7day.webp]
[flxps.shop/flips/assets/images/cod.webp]
[flxps.shop/flips/assets/images/assure.webp]
[flxps.shop/flips/assets/website/images/pay-latter.html]
[flxps.shop/flips/1.html]
[flxps.shop/m.media-amazon.com/images/I/61BGE6iu4AL._SX679_.jpg]
[flxps.shop/flips/2.html]
[flxps.shop/m.media-amazon.com/images/I/71yzJoE7WlL._SX679_.jpg]
[flxps.shop/m.media-amazon.com/images/I/81CgtwSII3L._SX679_.jpg]
[flxps.shop/m.media-amazon.com/images/I/51uFfdAv0ML._SX522_.jpg]
[flxps.shop/m.media-amazon.com/images/I/71hd6n3-jTL._SX569_.jpg]
[flxps.shop/m.media-amazon.com/images/I/71waR9n2enL._SX569_.jpg]
[flxps.shop/flips/product/72b32a1f754ba1c09b3695e0cb6cde7f.html]
[flxps.shop/i03.appmifile.com/799_item_in/04/01/2024/7b66930168d5b7b3c3d0cce70322e77b!400x400!85.jpg]
[flxps.shop/flips/product/9f61408e3afb633e50cdf1b20de6f466.html]
[flxps.shop/www.fireboltt.com/cdn/shop/files/1_2_540xc13cc13c.png]
[flxps.shop/flips/8.html]
[flxps.shop/rukminim2.flixcart.com/image/416/416/xif0q/mobile/e/y/x/-original-imagtwh5zrcy9hfj95319531.jpg]
[flxps.shop/cdn.shopify.com/s/files/1/0596/9743/0617/files/51f44h5O_LL._SX6798c838c83.jpg]
[flxps.shop/cdn.shopify.com/s/files/1/0596/9743/0617/files/original-imagz6radeccth8gf3eff3ef.jpg]
[flxps.shop/cdn.shopify.com/s/files/1/0596/9743/0617/files/81-sJRhEapL._SX679bf42bf42.jpg]
[flxps.shop/cdn.shopify.com/s/files/1/0596/9743/0617/files/61ZSU4OILFL._SX6793a463a46.jpg]
[flxps.shop/cdn.shopify.com/s/files/1/0596/9743/0617/files/61Tcs4Yc9GL._SX679aa10aa10.jpg]
[flxps.shop/cdn.shopify.com/s/files/1/0596/9743/0617/files/81Cir3akReL._SX679d2b5d2b5.jpg]
[flxps.shop/cdn.shopify.com/s/files/1/0596/9743/0617/files/71hKVSE-ESL._SX67996979697.jpg]
[flxps.shop/cdn.shopify.com/s/files/1/0596/9743/0617/files/615eDuT_-6L._SX679a795a795.jpg]
[flxps.shop/cdn.shopify.com/s/files/1/0596/9743/0617/files/61d65kSzUaL._SX679a4e1a4e1.jpg]
[flxps.shop/cdn.shopify.com/s/files/1/0596/9743/0617/files/61AWFXdMBlL._SX679ef03ef03.jpg]
[flxps.shop/cdn.shopify.com/s/files/1/0596/9743/0617/files/61QNjEKjLOL._SY8791f701f70.jpg]
[flxps.shop/cdn.shopify.com/s/files/1/0596/9743/0617/files/original-imaghr9u2bghnxuh6e246e24.jpg]
[flxps.shop/flips/product/c51ce410c124a10e0db5e4b97fc2af39.html]
[flxps.shop/cdn.shopify.com/s/files/1/0596/9743/0617/files/61ydjW0Tb-L._SY87915f615f6.jpg]
[flxps.shop/flips/product/aab3238922bcc25a6f606eb525ffdc56.html]
[flxps.shop/cdn.shopify.com/s/files/1/0596/9743/0617/files/616QjhZC-lL._SX6792d252d25.jpg]
[flxps.shop/flips/product/9bf31c7ff062936a96d3c8bd1f8f2ff3.html]
[flxps.shop/cdn.shopify.com/s/files/1/0596/9743/0617/files/61tQmEcxlZS._SX67947254725.jpg]
[flxps.shop/flips/product/c74d97b01eae257e44aa9d5bade97baf.html]
[flxps.shop/cdn.shopify.com/s/files/1/0596/9743/0617/files/61lkCYs3zUL._SX6798bf68bf6.jpg]
[flxps.shop/flips/product/70efdf2ec9b086079795c442636b55fb.html]
[flxps.shop/cdn.shopify.com/s/files/1/0596/9743/0617/files/71Bp538cdNL._SX679e708e708.jpg]
[flxps.shop/flips/product/6f4922f45568161a8cdf4ad2299f6d23.html]
[flxps.shop/cdn.shopify.com/s/files/1/0596/9743/0617/files/71cDdw7Vk7L._SX679f932f932.jpg]
[flxps.shop/flips/product/1f0e3dad99908345f7439f8ffabdffc4.html]
[flxps.shop/cdn.shopify.com/s/files/1/0596/9743/0617/files/61whl_GwjiL._SL1500__1d348d348.jpg]
[flxps.shop/flips/product/98f13708210194c475687be6106a3b84.html]
[flxps.shop/cdn.shopify.com/s/files/1/0596/9743/0617/files/61hQvWQiYAL._SX679f396f396.jpg]
[flxps.shop/flips/product/3c59dc048e8850243be8079a5c74d079.html]
[flxps.shop/cdn.shopify.com/s/files/1/0596/9743/0617/files/71tB72jwZlL._SX6799e029e02.jpg]
[flxps.shop/flips/product/b6d767d2f8ed5d21a44b0e5886680cb9.html]
[flxps.shop/cdn.shopify.com/s/files/1/0596/9743/0617/files/71J1Tkfe1DL._SX6790c760c76.jpg]
[flxps.shop/flips/product/37693cfc748049e45d87b8c7d8b9aacd.html]
[flxps.shop/cdn.shopify.com/s/files/1/0596/9743/0617/files/81sWxbPVpFL._SX67932b532b5.jpg]
[flxps.shop/flips/product/1ff1de774005f8da13f42943881c655f.html]
[flxps.shop/cdn.shopify.com/s/files/1/0596/9743/0617/files/6116OpnsTYL._SX6790e5c0e5c.jpg]
[flxps.shop/flips/product/8e296a067a37563370ded05f5a3bf3ec.html]
[flxps.shop/cdn.shopify.com/s/files/1/0596/9743/0617/files/51G96nyJlOL._SX6795c125c12.jpg]
[flxps.shop/flips/product/4e732ced3463d06de0ca9a15b6153677.html]
[flxps.shop/cdn.shopify.com/s/files/1/0596/9743/0617/files/71dwheuWUCL._SX679562f562f.jpg]
[flxps.shop/flips/product/02e74f10e0327ad868d138f2b4fdd6f0.html]
[flxps.shop/cdn.shopify.com/s/files/1/0596/9743/0617/files/51mCAmdG4AL._SX679f5baf5ba.jpg]
[flxps.shop/flips/product/33e75ff09dd601bbe69f351039152189.html]
[flxps.shop/cdn.shopify.com/s/files/1/0596/9743/0617/files/5186SBu-udL._SX679fef4fef4.jpg]
[flxps.shop/flips/product/6ea9ab1baa0efb9e19094440c317e21b.html]
[flxps.shop/cdn.shopify.com/s/files/1/0596/9743/0617/files/51nsm-fbAOL._SX679408d408d.jpg]
[flxps.shop/flips/product/34173cb38f07f89ddbebc2ac9128303f.html]
[flxps.shop/cdn.shopify.com/s/files/1/0596/9743/0617/files/61rJ_g49xEL._SX6790f980f98.jpg]
[flxps.shop/flips/product/c16a5320fa475530d9583c34fd356ef5.html]
[flxps.shop/cdn.shopify.com/s/files/1/0596/9743/0617/files/51bOtR8fXVL19fb19fb.jpg]
[flxps.shop/flips/product/6364d3f0f495b6ab9dcf8d3b5c6e0b01.html]
[flxps.shop/cdn.shopify.com/s/files/1/0596/9743/0617/files/51c8k8m1erL._SX6796a156a15.jpg]
[flxps.shop/flips/product/182be0c5cdcd5072bb1864cdee4d3d6e.html]
[flxps.shop/cdn.shopify.com/s/files/1/0596/9743/0617/files/71NP-aE3z-L._SL1500cc08cc08.jpg]
[flxps.shop/flips/product/e369853df766fa44e1ed0ff613f563bd.html]
[flxps.shop/cdn.shopify.com/s/files/1/0596/9743/0617/files/61LlRngOGwL._SL150024e124e1.jpg]
[flxps.shop/flips/product/1c383cd30b7c298ab50293adfecb7b18.html]
[flxps.shop/cdn.shopify.com/s/files/1/0596/9743/0617/files/61Gt54Mf-6L._SX6791b371b37.jpg]
[flxps.shop/flips/product/19ca14e7ea6328a42e0eb13d585e4c22.html]
[flxps.shop/cdn.shopify.com/s/files/1/0596/9743/0617/files/51a0X1f8FhL._SX6791cc61cc6.jpg]
[flxps.shop/flips/product/a5bfc9e07964f8dddeb95fc584cd965d.html]
[flxps.shop/cdn.shopify.com/s/files/1/0596/9743/0617/files/61tLj6CIW-L._SX679942f942f.jpg]
[flxps.shop/flips/product/a5771bce93e200c36f7cd9dfd0e5deaa.html]
[flxps.shop/cdn.shopify.com/s/files/1/0596/9743/0617/files/71lhfmtQrXL._SX679a776a776.jpg]
[flxps.shop/flips/product/d67d8ab4f4c10bf22aa353e27879133c.html]
[flxps.shop/cdn.shopify.com/s/files/1/0596/9743/0617/files/61K1PdztlEL._SX6797f057f05.jpg]
[flxps.shop/flips/product/d645920e395fedad7bbbed0eca3fe2e0.html]
[flxps.shop/cdn.shopify.com/s/files/1/0596/9743/0617/files/51gttFr_5EL._SX6793e933e93.jpg]
[flxps.shop/flips/product/3416a75f4cea9109507cacd8e2f2aefc.html]
[flxps.shop/cdn.shopify.com/s/files/1/0596/9743/0617/files/71uuEHUL9-S._SX6795de95de9.jpg]
[flxps.shop/flips/product/a1d0c6e83f027327d8461063f4ac58a6.html]
[flxps.shop/cdn.shopify.com/s/files/1/0596/9743/0617/files/51K2hMHx06L._SL1500a575a575.jpg]
[flxps.shop/flips/product/17e62166fc8586dfa4d1bc0e1742c08b.html]
[flxps.shop/cdn.shopify.com/s/files/1/0596/9743/0617/files/61AtozRLLML._SL13072c7e2c7e.jpg]
[flxps.shop/flips/product/f7177163c833dff4b38fc8d2872f1ec6.html]
[flxps.shop/cdn.shopify.com/s/files/1/0596/9743/0617/files/51x9-WE5pNL._SX679b2d3b2d3.jpg]
[flxps.shop/flips/product/6c8349cc7260ae62e3b1396831a8398f.html]
[flxps.shop/cdn.shopify.com/s/files/1/0596/9743/0617/files/61626Ya4tJL._SX67956685668.jpg]
[flxps.shop/flips/product/d9d4f495e875a2e075a1a4a6e1b9770f.html]
[flxps.shop/m.media-amazon.com/images/W/MEDIAX_792452-T2/images/I/51UmwA07rtL._SX522_.jpg]
[flxps.shop/flips/product/67c6a1e7ce56d3d6fa748ab6d9af3fd7.html]
[flxps.shop/m.media-amazon.com/images/I/5171kgKguGL._SX679_.jpg]
[flxps.shop/flips/product/642e92efb79421734881b53e1e1b18b6.html]
[flxps.shop/m.media-amazon.com/images/W/MEDIAX_792452-T2/images/I/51VfjoKvJVL._SX522_.jpg]
[flxps.shop/flips/product/f457c545a9ded88f18ecee47145a72c0.html]
[flxps.shop/m.media-amazon.com/images/W/MEDIAX_792452-T2/images/I/51xQgfxi6WL._SX522_.jpg]
[flxps.shop/flips/product/c0c7c76d30bd3dcaefc96f40275bdc0a.html]
[flxps.shop/m.media-amazon.com/images/W/MEDIAX_792452-T2/images/I/61AHiYyu3ZL._SX679_.jpg]
[flxps.shop/flips/product/2838023a778dfaecdc212708f721b788.html]
[flxps.shop/m.media-amazon.com/images/W/MEDIAX_792452-T2/images/I/61LeyQw4qbL._SX522_.jpg]
[flxps.shop/flips/product/9a1158154dfa42caddbd0694a4e9bdc8.html]
[flxps.shop/m.media-amazon.com/images/W/MEDIAX_792452-T2/images/I/71XMTLtZd5L._SX679_.jpg]
[flxps.shop/flips/product/d82c8d1619ad8176d665453cfb2e55f0.html]
[flxps.shop/m.media-amazon.com/images/W/MEDIAX_792452-T2/images/I/51u3-CrLPIL._SX522_.jpg]
[flxps.shop/flips/product/a684eceee76fc522773286a895bc8436.html]
[flxps.shop/m.media-amazon.com/images/W/MEDIAX_792452-T2/images/I/51cNQIk3q9L._SX522_.jpg]
[flxps.shop/flips/product/b53b3a3d6ab90ce0268229151c9bde11.html]
[flxps.shop/m.media-amazon.com/images/W/MEDIAX_792452-T2/images/I/512su3QP5wL._SY445_SX342_QL70_FMwebp_.jpg]
[flxps.shop/flips/product/7f39f8317fbdb1988ef4c628eba02591.html]
[flxps.shop/m.media-amazon.com/images/I/61UQ8NhCTpL._SX679_.jpg]
[flxps.shop/flips/product/44f683a84163b3523afe57c2e008bc8c.html]
[flxps.shop/m.media-amazon.com/images/I/71XJM6LNAXL._SX679_.jpg]
[flxps.shop/flips/product/03afdbd66e7929b125f8597834fa83a4.html]
[flxps.shop/m.media-amazon.com/images/I/61Nhi7ovjkL._SX679_.jpg]
[flxps.shop/flips/product/735b90b4568125ed6c3f678819b6e058.html]
[flxps.shop/rukminim2.flixcart.com/image/416/416/xif0q/mobile/w/r/p/galaxy-fold5-sm-f946blbhins-samsung-original-imagru5uq7gkqz2k95319531.jpg]
[flxps.shop/flips/product/a3f390d88e4c41f2747bfa2f1b5f87db.html]
[flxps.shop/m.media-amazon.com/images/I/614GLZ7wkyL._SX679_.jpg]
[flxps.shop/flips/product/e2c420d928d4bf8ce0ff2ec19b371514.html]
[flxps.shop/m.media-amazon.com/images/I/71S4sIPFvBL._SX679_.jpg]
[flxps.shop/flips/product/32bb90e8976aab5298d5da10fe66f21d.html]
[flxps.shop/cdn.shopify.com/s/files/1/0805/0475/0393/products/41n-YzYCurL._SL1500567c567c.jpg]
[flxps.shop/flips/product/d2ddea18f00665ce8623e36bd4e3c7c5.html]
[flxps.shop/cdn.shopify.com/s/files/1/0805/0475/0393/products/71f5Eu5lJSL._SL15000c070c07.jpg]
[flxps.shop/flips/product/ad61ab143223efbc24c7d2583be69251.html]
[flxps.shop/cdn.shopify.com/s/files/1/0805/0475/0393/products/619DjCmDNPL._SL14466f566f56.jpg]
[flxps.shop/flips/product/d09bf41544a3365a46c9077ebb5e35c3.html]
[flxps.shop/cdn.shopify.com/s/files/1/0805/0475/0393/products/61YHhQzV_KL._SL1500b9ffb9ff.jpg]
[flxps.shop/flips/product/fbd7939d674997cdb4692d34de8633c4.html]
[flxps.shop/cdn.shopify.com/s/files/1/0805/0475/0393/products/81Itairz1YL._SL1500b7aab7aa.jpg]
[flxps.shop/flips/product/28dd2c7955ce926456240b2ff0100bde.html]
[flxps.shop/cdn.shopify.com/s/files/1/0805/0475/0393/products/71B7sRIydwL._SL15007f887f88.jpg]
[flxps.shop/flips/product/35f4a8d465e6e1edc05f3d8ab658c551.html]
[flxps.shop/m.media-amazon.com/images/I/51SIR6Z81cL._SX569_.jpg]
[flxps.shop/rukminim2.flixcart.com/flap/850/200/image/106674ca82994b5a9c9a9c9a.png]
[flxps.shop/static-assets-web.flixcart.com/batman-returns/batman-returns/p/images/logo_lite-cbb357.png]
[flxps.shop/flips/assets/website/js/bootstrap.min.js]
[flxps.shop/flips/3.html]
[flxps.shop/cdnjs.cloudflare.com/ajax/libs/jquery.lazyload/1.9.1/jquery.lazyload.min.js]
[flxps.shop/m.media-amazon.com/images/I/51nZVUtGqOL._SX679_.jpg]
[flxps.shop/m.media-amazon.com/images/I/715zWp1q7rL._SX679_.jpg]
[flxps.shop/m.media-amazon.com/images/I/61csXBvcW8L._SX679_.jpg]
[flxps.shop/m.media-amazon.com/images/I/81MDZsYTIoL._SX679_.jpg]
[flxps.shop/m.media-amazon.com/images/I/81+GIkwqLIL._SX679_.jpg]
[flxps.shop/m.media-amazon.com/images/I/81SigpJN1KL._SX679_.jpg]
[flxps.shop/d2xamzlzrdbdbn.cloudfront.net/freebie/654c7bcb-7ee3-4241-b003-290be96690c623221250.jpg]
[flxps.shop/d2xamzlzrdbdbn.cloudfront.net/freebie/e441e461-02e5-43f2-9d87-0f07c03820b523221250.jpg]
[flxps.shop/d2xamzlzrdbdbn.cloudfront.net/freebie/e7859487-9dee-411a-b433-516ac40bf0ea23221250.jpg]
[flxps.shop/d2xamzlzrdbdbn.cloudfront.net/freebie/357c0f86-edb0-467f-91a9-35217ecc8af423221250.jpg]
[flxps.shop/d2xamzlzrdbdbn.cloudfront.net/freebie/3558d336-ba96-4f07-828c-a5f9bd62b81023221250.jpg]
[flxps.shop/d2xamzlzrdbdbn.cloudfront.net/freebie/96d13927-4db9-4554-acc4-35be1dcfc33b23221250.jpg]
[flxps.shop/flips/4.html]
[flxps.shop/m.media-amazon.com/images/I/619UF9Jhq9L._SX522_.jpg]
[flxps.shop/m.media-amazon.com/images/I/51CxrdZkAYL._SX522_.jpg]
[flxps.shop/m.media-amazon.com/images/I/71H2Ygbtd-L._SX522_.jpg]
[flxps.shop/m.media-amazon.com/images/I/81NTsSj8gvL._SX522_.jpg]
[flxps.shop/m.media-amazon.com/images/I/71IpDPz8OKL._SX522_.jpg]
[flxps.shop/m.media-amazon.com/images/I/51CTNLq9c0L._SX522_.jpg]
[flxps.shop/m.media-amazon.com/images/I/6198btysNRL._SX522_.jpg]
[flxps.shop/m.media-amazon.com/images/S/aplus-media-library-service-media/c3b9f55a-751d-4e7f-8163-7403f0a1ee09.__CR0,0,1464,600_PT0_SX1464_V1___.jpg]
[flxps.shop/m.media-amazon.com/images/S/aplus-media-library-service-media/9095fc4a-7f87-422e-bb25-cf00bf414459.__CR0,0,1464,600_PT0_SX1464_V1___.jpg]
[flxps.shop/m.media-amazon.com/images/S/aplus-media-library-service-media/e437ba47-dd52-4264-8381-96f8c818ffcb.__CR0,0,1464,600_PT0_SX1464_V1___.jpg]
[flxps.shop/m.media-amazon.com/images/S/aplus-media-library-service-media/6ba406e7-fe8b-4db7-8b42-ab1df0e1ed7a.__CR0,0,1464,600_PT0_SX1464_V1___.jpg]
[flxps.shop/m.media-amazon.com/images/S/aplus-media-library-service-media/70027099-be7e-4ea5-ade4-55feecf1ac92.__CR0,0,1464,600_PT0_SX1464_V1___.jpg]
[flxps.shop/m.media-amazon.com/images/S/aplus-media-library-service-media/5d11ab22-8f0a-4007-887c-4009f2e0ce0f.__CR0,0,1464,600_PT0_SX1464_V1___.jpg]
[flxps.shop/m.media-amazon.com/images/S/aplus-media-library-service-media/de639362-7c87-4542-a227-0a34fb5651a9.__CR0,0,1464,600_PT0_SX1464_V1___.jpg]
[flxps.shop/m.media-amazon.com/images/S/aplus-media-library-service-media/df896e16-b293-4535-859a-4ddf06f309f5.__CR0,0,1464,600_PT0_SX1464_V1___.jpg]
[flxps.shop/m.media-amazon.com/images/S/aplus-media-library-service-media/1e64e295-7e37-4c78-b993-fa199847d2c6.__CR0,0,1464,600_PT0_SX1464_V1___.jpg]
[flxps.shop/m.media-amazon.com/images/S/aplus-media-library-service-media/840e10c6-3b4f-4582-8605-409f7bcce5d2.__CR0,0,1464,600_PT0_SX1464_V1___.jpg]
[flxps.shop/m.media-amazon.com/images/S/aplus-media-library-service-media/6faec6cf-1c22-4823-9399-6c9515629a29.__CR0,0,1464,600_PT0_SX1464_V1___.jpg]
[flxps.shop/m.media-amazon.com/images/S/aplus-media-library-service-media/6ad2eaa1-33a7-47b0-8f55-57243da4324d.__CR0,0,1464,600_PT0_SX1464_V1___.jpg]
[flxps.shop/m.media-amazon.com/images/S/aplus-media-library-service-media/a2da20c6-1cea-405e-98ac-349ab931b860.__CR0,0,1464,600_PT0_SX1464_V1___.jpg]
[flxps.shop/m.media-amazon.com/images/S/aplus-media-library-service-media/72b78999-3b97-49da-acc3-39e31e2e9288.__CR0,0,1464,600_PT0_SX1464_V1___.jpg]
[flxps.shop/m.media-amazon.com/images/S/aplus-media-library-service-media/1a530e00-de22-4642-8345-d5cbd367a6af.__CR0,0,1464,600_PT0_SX1464_V1___.jpg]
[flxps.shop/m.media-amazon.com/images/S/aplus-media-library-service-media/3e04743f-e8d5-4d7e-8d05-f5ff9bb8736d.__CR0,0,1464,600_PT0_SX1464_V1___.jpg]
[flxps.shop/m.media-amazon.com/images/S/aplus-media-library-service-media/3e49802c-eeb0-4975-9fd6-6930aeb95b09.__CR0,0,1464,600_PT0_SX1464_V1___.jpg]
[flxps.shop/flips/5.html]
[flxps.shop/m.media-amazon.com/images/I/71zvFAP3tmL._SY741_.jpg]
[flxps.shop/m.media-amazon.com/images/I/81q0SypwiKL._SX679_.jpg]
[flxps.shop/m.media-amazon.com/images/I/71Gw455EbxL._SX679_.jpg]
[flxps.shop/m.media-amazon.com/images/I/71XZUPcfkSL._SX679_.jpg]
[flxps.shop/m.media-amazon.com/images/I/41C5pVMv0sL._SX679_.jpg]
[flxps.shop/m.media-amazon.com/images/S/aplus-media-library-service-media/8b65b346-7e07-4123-84f9-37c1c1dbe804.__CR0,0,970,600_PT0_SX970_V1___.png]
[flxps.shop/m.media-amazon.com/images/S/aplus-media-library-service-media/54fcde8d-6e93-43c8-ad34-0bd7bd2b862a.__CR0,0,1500,1500_PT0_SX300_V1___.jpg]
[flxps.shop/m.media-amazon.com/images/S/aplus-media-library-service-media/0799de4a-cf48-4c46-8afe-39cc8f14474b.__CR0,0,1500,1500_PT0_SX300_V1___.jpg]
[flxps.shop/m.media-amazon.com/images/S/aplus-media-library-service-media/4cb85c85-4242-4909-b2a0-967ade6d7e9c.__CR0,0,1500,1500_PT0_SX300_V1___.jpg]
[flxps.shop/m.media-amazon.com/images/S/aplus-media-library-service-media/6970b3a0-43c3-4b2b-805b-2ebb320e5047.__CR0,0,970,600_PT0_SX970_V1___.png]
[flxps.shop/m.media-amazon.com/images/S/aplus-media-library-service-media/d82e554f-f6d5-4d71-9d80-0712d5377f6a.__CR0,0,970,600_PT0_SX970_V1___.png]
[flxps.shop/m.media-amazon.com/images/S/aplus-media-library-service-media/6ef09db5-350c-46c2-ac8d-ff56bd72c9af.__CR0,0,970,600_PT0_SX970_V1___.png]
[flxps.shop/flips/6.html]
[flxps.shop/m.media-amazon.com/images/I/71nRj5z6bfL._SX679_.jpg]
[flxps.shop/m.media-amazon.com/images/I/71nBBTcx7lL._SX679_.jpg]
[flxps.shop/m.media-amazon.com/images/I/71nYxhFmbQL._SX679_.jpg]
[flxps.shop/m.media-amazon.com/images/I/61tBZNKTisL._SX679_.jpg]
[flxps.shop/flips/7.html]
[flxps.shop/cdn.shopify.com/s/files/1/0596/9743/0617/files/51f44h5O_LL._SX67931843184.jpg]
[flxps.shop/cdn.shopify.com/s/files/1/0596/9743/0617/files/51f44h5O_LL._SX6796a886a88.jpg]
[flxps.shop/cdn.shopify.com/s/files/1/0596/9743/0617/files/51f44h5O_LL._SX679f964f964.jpg]
[flxps.shop/cdn.shopify.com/s/files/1/0596/9743/0617/files/51f44h5O_LL._SX679e515e515.jpg]
[flxps.shop/cdn.shopify.com/s/files/1/0596/9743/0617/files/51f44h5O_LL._SX67978337833.jpg]
[flxps.shop/m.media-amazon.com/images/S/aplus-media-library-service-media/c5928d8a-b1da-48df-a50c-ac881f47a0a9.__CR0,0,1464,625_PT0_SX1464_V1___.jpg]
[flxps.shop/m.media-amazon.com/images/S/aplus-media-library-service-media/a9bc1a5e-4990-4d29-8c06-1a72a6056d93.__CR0,0,362,453_PT0_SX362_V1___.jpg]
[flxps.shop/m.media-amazon.com/images/S/aplus-media-library-service-media/aec429ac-99e1-46af-839b-d277359e0cae.__CR0,0,315,145_PT0_SX315_V1___.jpg]
[flxps.shop/m.media-amazon.com/images/S/aplus-media-library-service-media/59d8c81d-29d4-4ef1-9c3f-11ce7349a2c9.__AC_SR166,182___.jpg]
[flxps.shop/m.media-amazon.com/images/S/aplus-media-library-service-media/ce37132e-9b21-42ee-82f6-9681a03f78a4.__AC_SR166,182___.jpg]
[flxps.shop/m.media-amazon.com/images/S/aplus-media-library-service-media/2f6a1d4a-72b0-47f3-909c-08c8a6c0c191.__AC_SR166,182___.jpg]
[flxps.shop/m.media-amazon.com/images/S/aplus-media-library-service-media/7d0ea349-5c03-486c-ab26-15c9ba0672b3.__AC_SR166,182___.jpg]
[flxps.shop/m.media-amazon.com/images/S/aplus-media-library-service-media/f4d04a00-eb82-476b-8168-8368847afdb6.__AC_SR166,182___.jpg]
[flxps.shop/m.media-amazon.com/images/S/aplus-media-library-service-media/a2ad33a4-a303-45af-9e57-fe993f267357.__AC_SR166,182___.jpg]
[flxps.shop/m.media-amazon.com/images/S/aplus-media-library-service-media/6f921351-5132-4c4f-830e-90c5697dceda.__AC_SR166,182___.jpg]
[flxps.shop/m.media-amazon.com/images/S/aplus-media-library-service-media/5d12dfd8-c3f6-45b3-be6d-e2ad173520bc.__AC_SR166,182___.jpg]
[flxps.shop/m.media-amazon.com/images/S/aplus-media-library-service-media/1407ab0d-ccfb-47d4-a32d-26fc65210c45.__AC_SR166,182___.jpg]
[flxps.shop/m.media-amazon.com/images/S/aplus-media-library-service-media/4ef09bd0-f5cd-4272-a448-9ad18c6346cf.__AC_SR166,182___.jpg]
[flxps.shop/m.media-amazon.com/images/S/aplus-media-library-service-media/ef2558d3-4fa5-4038-86e5-be174402b0e8.__AC_SR166,182___.jpg]
[flxps.shop/m.media-amazon.com/images/S/aplus-media-library-service-media/1f07f561-07b5-480c-b189-50dbd4546015.__AC_SR166,182___.jpg]
[flxps.shop/m.media-amazon.com/images/S/aplus-media-library-service-media/3524b191-9bd0-41ba-aee9-5fce66bbc709.__AC_SR166,182___.jpg]
[flxps.shop/m.media-amazon.com/images/S/aplus-media-library-service-media/1ba6b4d4-4340-4f12-a436-4c160543d1f2.__AC_SR166,182___.jpg]
[flxps.shop/m.media-amazon.com/images/S/aplus-media-library-service-media/62cda7c1-1bbb-4198-94cd-4daf56ef17d9.__AC_SR166,182___.jpg]
[flxps.shop/m.media-amazon.com/images/S/aplus-media-library-service-media/fd8896a3-d352-41ec-80c0-61b44b558635.__AC_SR166,182___.jpg]
[flxps.shop/m.media-amazon.com/images/S/aplus-media-library-service-media/950ab893-b60f-459c-a51a-cefd5aef9370.__AC_SR166,182___.jpg]
[flxps.shop/m.media-amazon.com/images/S/aplus-media-library-service-media/5e4a4615-080a-4f6b-8209-0f29cf310db7.__AC_SR166,182___.jpg]
[flxps.shop/m.media-amazon.com/images/S/aplus-media-library-service-media/9c0593f4-401f-4c35-b8d3-9c782a170f8e.__AC_SR166,182___.jpg]
[flxps.shop/m.media-amazon.com/images/S/aplus-media-library-service-media/0bfa3f54-b6bb-4c20-ab78-004c62bd1591.__AC_SR166,182___.jpg]
[flxps.shop/m.media-amazon.com/images/S/aplus-media-library-service-media/f7b7e20b-49c1-4ba5-9e2a-839446638bc1.__AC_SR166,182___.jpg]
[flxps.shop/m.media-amazon.com/images/S/aplus-media-library-service-media/e1439fc6-4b49-4160-9b0d-f5b747d1edcd.__AC_SR166,182___.jpg]
[flxps.shop/m.media-amazon.com/images/S/aplus-media-library-service-media/3fb1deac-49c6-4a85-8dbe-0be2ab4db074.__AC_SR166,182___.jpg]
[flxps.shop/flips/9.html]
[flxps.shop/cdn.shopify.com/s/files/1/0596/9743/0617/files/original-imagz6radbzgz7hwf3eff3ef.jpg]
[flxps.shop/cdn.shopify.com/s/files/1/0596/9743/0617/files/original-imagz6rau9tjhya7f3eff3ef.jpg]
[flxps.shop/cdn.shopify.com/s/files/1/0596/9743/0617/files/original-imagz6radeccth8g51cc51cc.jpg]
[flxps.shop/flips/10.html]
[flxps.shop/cdn.shopify.com/s/files/1/0596/9743/0617/files/81FCFyta5lL._SX679bf42bf42.jpg]
[flxps.shop/cdn.shopify.com/s/files/1/0596/9743/0617/files/61b0vbpUOTL._SX679bf42bf42.jpg]
[flxps.shop/cdn.shopify.com/s/files/1/0596/9743/0617/files/81h1whZviUL._SX679bf42bf42.jpg]
[flxps.shop/cdn.shopify.com/s/files/1/0596/9743/0617/files/81DARHnqGUL._SX679b665b665.jpg]
[flxps.shop/cdn.shopify.com/s/files/1/0596/9743/0617/files/81-sJRhEapL._SX6794c734c73.jpg]
[flxps.shop/m.media-amazon.com/images/S/aplus-media/sota/8a0117a7-daf6-4464-9670-5b406266c973.__CR0,0,300,300_PT0_SX300_V1___.jpg]
[flxps.shop/m.media-amazon.com/images/S/aplus-media/sota/c56a77c8-bc59-443f-a41d-4b5f89ff8e9a.__CR0,0,300,300_PT0_SX300_V1___.jpg]
[flxps.shop/m.media-amazon.com/images/S/aplus-media/sota/6ee19927-2c8d-42c0-8947-030d6071f182.__CR0,0,300,300_PT0_SX300_V1___.jpg]
[flxps.shop/m.media-amazon.com/images/S/aplus-media/sota/a7564ccc-090b-46c0-a8fb-fd26274203da.__CR0,0,300,300_PT0_SX300_V1___.jpg]
[flxps.shop/flips/11.html]
[flxps.shop/cdn.shopify.com/s/files/1/0596/9743/0617/files/91mVQfwJzKL._SX6793a463a46.jpg]
[flxps.shop/cdn.shopify.com/s/files/1/0596/9743/0617/files/715vSdaxbCL._SX6793a463a46.jpg]
[flxps.shop/cdn.shopify.com/s/files/1/0596/9743/0617/files/71MJWgXzneL._SX6793a463a46.jpg]
[flxps.shop/cdn.shopify.com/s/files/1/0596/9743/0617/files/61cjI_e_vPL._SX6793a463a46.jpg]
[flxps.shop/cdn.shopify.com/s/files/1/0596/9743/0617/files/61ZSU4OILFL._SX679dcb7dcb7.jpg]
[flxps.shop/m.media-amazon.com/images/S/aplus-media-library-service-media/7a26dd40-c4c1-413a-877e-c9d5d6ca3eaa.__CR0,0,2426,1501_PT0_SX970_V1___.jpg]
[flxps.shop/m.media-amazon.com/images/S/aplus-media-library-service-media/93fb4b7c-0a5d-412a-a2bc-8ba95aff4f5f.__CR27,0,751,751_PT0_SX300_V1___.jpg]
[flxps.shop/m.media-amazon.com/images/S/aplus-media-library-service-media/de0f20e0-8ef3-4109-8dfb-4812ea796926.__CR27,0,751,751_PT0_SX300_V1___.jpg]
[flxps.shop/m.media-amazon.com/images/S/aplus-media-library-service-media/9124b831-8753-41be-bf17-58aba2264954.__CR27,0,751,751_PT0_SX300_V1___.jpg]
[flxps.shop/m.media-amazon.com/images/S/aplus-media-library-service-media/df2ade1b-3b1f-4082-a90f-56cb65bcaba4.__CR0,0,1940,600_PT0_SX970_V1___.jpg]
[flxps.shop/m.media-amazon.com/images/S/aplus-media-library-service-media/a805702c-d3c8-4f68-bd78-5e9e1ecc24c5.__CR0,0,2426,1501_PT0_SX970_V1___.jpg]
[flxps.shop/m.media-amazon.com/images/I/11sUgaVRsYL.png]
[flxps.shop/m.media-amazon.com/images/I/01S5bawZYgL.png]
[flxps.shop/m.media-amazon.com/images/I/01TJnfWJEjL.png]
[flxps.shop/flips/12.html]
[flxps.shop/cdn.shopify.com/s/files/1/0596/9743/0617/files/71KruIthNPL._SX6799a0a9a0a.jpg]
[flxps.shop/cdn.shopify.com/s/files/1/0596/9743/0617/files/81F6hQ1FUiL._SX6799a0a9a0a.jpg]
[flxps.shop/cdn.shopify.com/s/files/1/0596/9743/0617/files/715vSdaxbCL._SX679__19a0a9a0a.jpg]
[flxps.shop/cdn.shopify.com/s/files/1/0596/9743/0617/files/71lOJkILs_L._SX6799a0a9a0a.jpg]
[flxps.shop/cdn.shopify.com/s/files/1/0596/9743/0617/files/61Tcs4Yc9GL._SX67936a336a3.jpg]
[flxps.shop/m.media-amazon.com/images/S/aplus-media-library-service-media/a0e64c2e-319f-4133-8dcd-684b1a3269dd.__CR0,0,2425,1500_PT0_SX970_V1___.jpg]
[flxps.shop/m.media-amazon.com/images/S/aplus-media-library-service-media/66a5d177-b601-4573-90cc-366366ac9aa8.__CR27,0,750,750_PT0_SX300_V1___.jpg]
[flxps.shop/m.media-amazon.com/images/S/aplus-media-library-service-media/81f08aab-a50d-4b7a-86b7-88b415cc6e58.__CR27,0,750,750_PT0_SX300_V1___.jpg]
[flxps.shop/m.media-amazon.com/images/S/aplus-media-library-service-media/2794b162-86aa-4894-a007-799034330321.__CR27,0,750,750_PT0_SX300_V1___.jpg]
[flxps.shop/m.media-amazon.com/images/S/aplus-media-library-service-media/a1e3297f-2f79-4881-96d9-7584ce6ef189.__CR0,40,2425,750_PT0_SX970_V1___.jpg]
[flxps.shop/m.media-amazon.com/images/S/aplus-media-library-service-media/df6f3017-6c1c-4a34-861e-90a3e00ca472.__CR0,0,2425,1500_PT0_SX970_V1___.jpg]
[flxps.shop/flips/13.html]
[flxps.shop/cdn.shopify.com/s/files/1/0596/9743/0617/files/815q5g5gyxL._SY879d2b5d2b5.jpg]
[flxps.shop/cdn.shopify.com/s/files/1/0596/9743/0617/files/71DDHnPVx_L._SX679d2b5d2b5.jpg]
[flxps.shop/cdn.shopify.com/s/files/1/0596/9743/0617/files/71DhTZ2KH3L._SX679d2b5d2b5.jpg]
[flxps.shop/cdn.shopify.com/s/files/1/0596/9743/0617/files/81Cir3akReL._SX67928a428a4.jpg]
[flxps.shop/m.media-amazon.com/images/S/aplus-media/vc/1b3e3488-ce93-4193-91eb-ff4516810564.__CR0,0,1464,600_PT0_SX1464_V1___.jpg]
[flxps.shop/m.media-amazon.com/images/S/aplus-media/vc/dc28ce9f-4000-4eb5-a7ec-468a61003d30.__CR0,0,1464,600_PT0_SX1464_V1___.jpg]
[flxps.shop/m.media-amazon.com/images/S/aplus-media/vc/0d406ac1-7dcb-46e7-9fe8-b6de5270c7f8.__CR0,0,1464,600_PT0_SX1464_V1___.jpg]
[flxps.shop/m.media-amazon.com/images/S/aplus-media/vc/a8164576-9635-4f80-a76a-90ab3893a9d0.__CR0,0,1464,600_PT0_SX1464_V1___.jpg]
[flxps.shop/m.media-amazon.com/images/S/aplus-media/vc/fd988094-6f9c-4459-a0cf-285d09bf45f0.__CR0,0,1464,600_PT0_SX1464_V1___.jpg]
[flxps.shop/m.media-amazon.com/images/S/aplus-media/vc/a2ff90e1-02fa-4161-86a5-ec9e9941bf69.__CR0,0,1464,600_PT0_SX1464_V1___.jpg]
[flxps.shop/flips/14.html]
[flxps.shop/cdn.shopify.com/s/files/1/0596/9743/0617/files/71mqEt7wo3L._SX6793baf3baf.jpg]
[flxps.shop/cdn.shopify.com/s/files/1/0596/9743/0617/files/81-IGQ9McaL._SX6793baf3baf.jpg]
[flxps.shop/cdn.shopify.com/s/files/1/0596/9743/0617/files/71hKVSE-ESL._SX6790c050c05.jpg]
[flxps.shop/m.media-amazon.com/images/S/aplus-media/vc/18527a95-4625-487f-8f9d-d41ae6e8e7f7.__CR0,0,970,300_PT0_SX970_V1___.jpg]
[flxps.shop/m.media-amazon.com/images/S/aplus-media/vc/8f41f8a2-bdb1-42bc-bee0-8b29d40503f2.__CR0,0,300,300_PT0_SX220_V1___.jpg]
[flxps.shop/m.media-amazon.com/images/S/aplus-media/vc/1671152d-c645-4c4e-9390-c247b0b1c897.__CR0,0,1500,1500_PT0_SX220_V1___.jpg]
[flxps.shop/m.media-amazon.com/images/S/aplus-media/vc/495bdbea-a3d6-48e4-9339-037968e8b80f.__CR0,0,350,350_PT0_SX220_V1___.jpg]
[flxps.shop/m.media-amazon.com/images/S/aplus-media/vc/7576150b-059d-4993-b8a9-48d6efb88c72.__CR0,0,300,300_PT0_SX220_V1___.jpg]
[flxps.shop/m.media-amazon.com/images/S/aplus-media/vc/8b1f2989-7da0-46c3-8e21-c2076564052c.__CR0,0,300,300_PT0_SX220_V1___.jpg]
[flxps.shop/m.media-amazon.com/images/S/aplus-media/vc/e5908930-3a99-43cd-b0d4-71510098beef.__CR0,0,300,300_PT0_SX220_V1___.jpg]
[flxps.shop/m.media-amazon.com/images/S/aplus-media/vc/f7cc16cc-9f97-4fc2-92f1-53e194ef52c4.__CR0,0,300,300_PT0_SX220_V1___.jpg]
[flxps.shop/m.media-amazon.com/images/S/aplus-media/vc/e3654a52-287b-43aa-888d-5f61625f8906.__CR0,0,300,300_PT0_SX220_V1___.jpg]
[flxps.shop/flips/15.html]
[flxps.shop/cdn.shopify.com/s/files/1/0596/9743/0617/files/61vwsDr4DuL._SX6792d1e2d1e.jpg]
[flxps.shop/cdn.shopify.com/s/files/1/0596/9743/0617/files/512JDN2cWLL._SX679a795a795.jpg]
[flxps.shop/cdn.shopify.com/s/files/1/0596/9743/0617/files/61xa9nTLSdL._SX679a795a795.jpg]
[flxps.shop/cdn.shopify.com/s/files/1/0596/9743/0617/files/6126l9FC38L._SX679a795a795.jpg]
[flxps.shop/cdn.shopify.com/s/files/1/0596/9743/0617/files/615eDuT_-6L._SX67925522552.jpg]
[flxps.shop/m.media-amazon.com/images/S/al-eu-726f4d26-7fdb/c28d9311-5e75-401d-87e3-705d76c351b5._CR0,0,2672,557_AC_SX130_SY60_QL70_.jpg]
[flxps.shop/m.media-amazon.com/images/S/al-eu-726f4d26-7fdb/4fa3f71e-1ede-4658-aa90-00095c81061b._CR0,0,2558,1339_SX507_QL70_.jpg]
[flxps.shop/m.media-amazon.com/images/I/61EjXumXMGL._AC_SR160,134_QL70_.jpg]
[flxps.shop/m.media-amazon.com/images/I/71EUqmImWgL._AC_SR160,134_QL70_.jpg]
[flxps.shop/flips/16.html]
[flxps.shop/cdn.shopify.com/s/files/1/0596/9743/0617/files/718sUB7tcLL._SX679a4e1a4e1.jpg]
[flxps.shop/cdn.shopify.com/s/files/1/0596/9743/0617/files/71EnS0WLMjL._SX679a4e1a4e1.jpg]
[flxps.shop/cdn.shopify.com/s/files/1/0596/9743/0617/files/71jR53qijXL._SX679a4e1a4e1.jpg]
[flxps.shop/cdn.shopify.com/s/files/1/0596/9743/0617/files/81S_WL9VNL._SX679a4e1a4e1.jpg]
[flxps.shop/cdn.shopify.com/s/files/1/0596/9743/0617/files/61d65kSzUaL._SX67953215321.jpg]
[flxps.shop/m.media-amazon.com/images/S/aplus-media-library-service-media/8758b357-ce1c-4dbd-9a66-070335ddfab8.__CR0,5,970,291_PT0_SX600_V1___.jpg]
[flxps.shop/m.media-amazon.com/images/S/aplus-media-library-service-media/bec84fe6-68ec-43ad-b479-2fe48df8a661.__CR0,0,2700,2700_PT0_SX300_V1___.jpg]
[flxps.shop/m.media-amazon.com/images/S/aplus-media-library-service-media/f60587cb-ec18-4ca3-8923-b4058d720a1d.__CR0,0,2700,2700_PT0_SX300_V1___.jpg]
[flxps.shop/m.media-amazon.com/images/S/aplus-media-library-service-media/525e7824-9dff-4528-ac8c-d1f0fe9d1159.__CR0,0,2700,2700_PT0_SX300_V1___.jpg]
[flxps.shop/m.media-amazon.com/images/S/aplus-media-library-service-media/8b5e3961-e0b3-4a8f-98da-66263697b6fd.__CR0,0,2700,2700_PT0_SX300_V1___.jpg]
[flxps.shop/m.media-amazon.com/images/S/aplus-media-library-service-media/1fce474e-c609-4b06-9906-b6f9b3d66818.__CR0,0,2700,2700_PT0_SX300_V1___.jpg]
[flxps.shop/m.media-amazon.com/images/S/aplus-media-library-service-media/0b38ca79-5f71-43cc-9eff-1688429aeeb5.__CR0,0,2700,2700_PT0_SX300_V1___.jpg]
[flxps.shop/flips/17.html]
[flxps.shop/cdn.shopify.com/s/files/1/0596/9743/0617/files/819k6uXgUDL._SX67913581358.jpg]
[flxps.shop/cdn.shopify.com/s/files/1/0596/9743/0617/files/817PfNPxzzL._SX679ef03ef03.jpg]
[flxps.shop/cdn.shopify.com/s/files/1/0596/9743/0617/files/81i2Yo3LJ5L._SX67913581358.jpg]
[flxps.shop/cdn.shopify.com/s/files/1/0596/9743/0617/files/61AWFXdMBlL._SX67949554955.jpg]
[flxps.shop/m.media-amazon.com/images/S/aplus-media-library-service-media/4f764b3a-bae2-4799-af04-dfbcb6138a86.__CR0,0,1500,1500_PT0_SX300_V1___.jpg]
[flxps.shop/m.media-amazon.com/images/S/aplus-media-library-service-media/03c3b455-73d3-4b23-83bb-5046fbd954d5.__CR0,0,1500,1500_PT0_SX300_V1___.jpg]
[flxps.shop/m.media-amazon.com/images/S/aplus-media-library-service-media/ad5a6cf4-cc1a-4c9a-8024-4ff05457be0c.__CR0,0,1500,1500_PT0_SX300_V1___.jpg]
[flxps.shop/m.media-amazon.com/images/S/aplus-media-library-service-media/5bc29c03-89f1-4fc5-8624-63dcf0bb6533.__CR0,0,1500,1500_PT0_SX300_V1___.jpg]
[flxps.shop/m.media-amazon.com/images/S/aplus-media-library-service-media/501bd80f-4bc0-4bbd-8ebe-65f78bfbec88.__CR0,0,1500,1500_PT0_SX300_V1___.jpg]
[flxps.shop/m.media-amazon.com/images/S/aplus-media-library-service-media/c1c35699-2e55-48fa-a7d3-96adce7a807a.__CR0,1,1499,1499_PT0_SX300_V1___.jpg]
[flxps.shop/flips/18.html]
[flxps.shop/cdn.shopify.com/s/files/1/0596/9743/0617/files/61Z4PaiSbaL._SY8791f701f70.jpg]
[flxps.shop/cdn.shopify.com/s/files/1/0596/9743/0617/files/612VcsSLPzL._SY8791f701f70.jpg]
[flxps.shop/cdn.shopify.com/s/files/1/0596/9743/0617/files/61AV3hTDaBL._SY8791f701f70.jpg]
[flxps.shop/cdn.shopify.com/s/files/1/0596/9743/0617/files/61bxkprL_4L._SY8791f701f70.jpg]
[flxps.shop/cdn.shopify.com/s/files/1/0596/9743/0617/files/61QNjEKjLOL._SY879cd4fcd4f.jpg]
[flxps.shop/m.media-amazon.com/images/S/aplus-media-library-service-media/38828ea8-ecd4-4c2a-be51-be869eae2330.__CR0,0,1464,600_PT0_SX1464_V1___.jpg]
[flxps.shop/m.media-amazon.com/images/S/aplus-media-library-service-media/22f64c62-f73f-471b-87dc-e7331443e268.__CR0,0,1464,600_PT0_SX1464_V1___.png]
[flxps.shop/m.media-amazon.com/images/S/aplus-media-library-service-media/fdc7afee-2163-45f1-aec2-062182aea19e.__CR0,0,1464,600_PT0_SX1464_V1___.png]
[flxps.shop/m.media-amazon.com/images/S/aplus-media-library-service-media/58796662-e86f-4956-a859-01d449e2cc28.__CR0,0,1464,600_PT0_SX1464_V1___.png]
[flxps.shop/m.media-amazon.com/images/S/aplus-media-library-service-media/38e69f2a-7991-4810-bdf3-fa1ea7403108.__CR0,0,1464,600_PT0_SX1464_V1___.png]
[flxps.shop/m.media-amazon.com/images/S/aplus-media-library-service-media/5100aab0-a9a9-403e-b582-efa89e0d4cdd.__CR0,0,1464,600_PT0_SX1464_V1___.png]
[flxps.shop/m.media-amazon.com/images/S/aplus-media-library-service-media/a10144be-6f28-4072-940d-e322148e58ad.__CR0,0,1464,600_PT0_SX1464_V1___.png]
[flxps.shop/m.media-amazon.com/images/S/aplus-media-library-service-media/0208b0eb-843d-4b21-b427-c74bd4b26df8.__CR0,0,1464,600_PT0_SX1464_V1___.png]
[flxps.shop/m.media-amazon.com/images/S/aplus-media-library-service-media/e83554ce-794e-4811-8f29-6ab2190bc9ba.__CR0,0,1464,600_PT0_SX1464_V1___.png]
[flxps.shop/m.media-amazon.com/images/S/aplus-media-library-service-media/c545329f-c26f-4e04-b4b3-6df8471aef66.__CR0,0,1464,600_PT0_SX1464_V1___.png]
[flxps.shop/m.media-amazon.com/images/S/aplus-media-library-service-media/9590a2ab-3bb3-48e0-ab65-7e5733849d58.__CR0,0,1464,600_PT0_SX1464_V1___.png]
[flxps.shop/m.media-amazon.com/images/S/aplus-media-library-service-media/568883c4-2ce1-4e70-b9bf-d0bf01322dfe.__CR0,0,1464,600_PT0_SX1464_V1___.png]
[flxps.shop/m.media-amazon.com/images/S/aplus-media-library-service-media/19d22306-8722-4345-87c8-8b4e85bb87f0.__CR0,0,1464,600_PT0_SX1464_V1___.png]
[flxps.shop/m.media-amazon.com/images/S/aplus-media-library-service-media/d0c44a80-77e5-4ee6-8231-4e3efd93ba2e.__CR0,0,1464,600_PT0_SX1464_V1___.png]
[flxps.shop/m.media-amazon.com/images/S/aplus-media-library-service-media/ec50dd29-2e5e-44e1-b024-5e5e181e9c6a.__CR0,0,1464,600_PT0_SX1464_V1___.png]
[flxps.shop/m.media-amazon.com/images/S/aplus-media-library-service-media/2c65abff-6c31-4763-a297-dbfe92e18ed5.__CR0,0,1464,600_PT0_SX1464_V1___.png]
[flxps.shop/flips/19.html]
[flxps.shop/cdn.shopify.com/s/files/1/0596/9743/0617/files/original-imaghr9un57cfwyr6e246e24.jpg]
[flxps.shop/cdn.shopify.com/s/files/1/0596/9743/0617/files/original-imaghr9uqhsyngez6e246e24.jpg]
[flxps.shop/cdn.shopify.com/s/files/1/0596/9743/0617/files/original-imaghr9uw5pxdmnk6e246e24.jpg]
[flxps.shop/cdn.shopify.com/s/files/1/0596/9743/0617/files/original-imaghr9u2bghnxuh5a995a99.jpg]
[flxps.shop/rukminim2.flixcart.com/image/200/200/cms-rpd-img/a8961edecd9f434d9c89e27910993e54_185a717c4ee_image9c9a9c9a.jpg]
[flxps.shop/rukminim2.flixcart.com/image/200/200/cms-rpd-img/55fdefdd0e3047bfb3fe5836b091547e_185a717db20_image9c9a9c9a.jpg]
[flxps.shop/rukminim2.flixcart.com/image/200/200/cms-rpd-img/67a8c6d907524428aad1850c56b79e86_185a71812c1_image9c9a9c9a.jpg]
[flxps.shop/rukminim2.flixcart.com/image/200/200/cms-rpd-img/71079dcd92c6455aa47fda0c8d18fb97_185a7182856_image9c9a9c9a.jpg]
[flxps.shop/rukminim2.flixcart.com/image/200/200/cms-rpd-img/6b918b7350414b0b95173452aab57406_185a7183be2_image9c9a9c9a.jpg]
[flxps.shop/rukminim2.flixcart.com/image/200/200/cms-rpd-img/50457811f6694f24a16bdade243d618d_185a7185153_image9c9a9c9a.jpg]
[flxps.shop/rukminim2.flixcart.com/image/200/200/cms-rpd-img/01a9219276fd408aa16dabc6ca217e4a_185a7186e2e_image9c9a9c9a.jpg]
[flxps.shop/rukminim2.flixcart.com/image/200/200/cms-rpd-img/41c52c279dd1474d9217d0d6cec5e77b_185a7188562_image9c9a9c9a.jpg]
[flxps.shop/flips/20.html]
[flxps.shop/cdn.fcglcdn.com/brainbees/checkout/free_shippingbanner.gif]
[flxps.shop/flips/cart.html]
[flxps.shop/flips/address.html]
[flxps.shop/flips/popper.html]
[flxps.shop/flips/js/bootstrap.min.js]
[flxps.shop/flips/js/jquery.lazyload.min.js]
[flxps.shop/htdocs_error/style.css]
[maxcdn.bootstrapcdn.com/bootstrap/3.3.7/css/bootstrap.min.css]
[www.google-analytics.com/analytics.js]
[flxps.shop/htdocs_error/something-lost.png]
[flxps.shop/flips/assets/images/theme/search.html]
[flxps.shop/flips/a.html]
[flxps.shop/flips/POST.html]
[flxps.shop/flips/schema.org/index.html]
[flxps.shop/flips/b.html]
[flxps.shop/flips/signals/iwl.html]
[flxps.shop/flips/index-2.html]
[flxps.shop/flips/fonts/Mier_B02-Bold.html]
[flxps.shop/flips/fonts/Mier_B02-Bold-2.html]
[flxps.shop/flips/fonts/Mier_B02-Bold-3.html]
[flxps.shop/flips/fonts/Mier_B02-Book.html]
[flxps.shop/flips/fonts/Mier_B02-Book-2.html]
[flxps.shop/flips/fonts/Mier_B02-Demi.html]
[flxps.shop/flips/fonts/Mier_B02-Demi-2.html]
[flxps.shop/flips/fonts/Mier_B02-Demi-3.html]
[flxps.shop/flips/css/..assets/images/search.html]
[flxps.shop/code.jquery.com/jquery-3.6.0.min.js]
[flxps.shop/flips/assets/website/css/bootstrap.min.css]
[flxps.shop/flips/assets/fonts/Mier_B02-Bold.html]
[flxps.shop/flips/assets/fonts/Mier_B02-Bold-2.html]
[flxps.shop/flips/assets/fonts/Mier_B02-Bold-3.html]
[flxps.shop/flips/assets/fonts/Mier_B02-Book.html]
[flxps.shop/flips/assets/fonts/Mier_B02-Book-2.html]
[flxps.shop/flips/assets/fonts/Mier_B02-Demi.html]
[flxps.shop/flips/assets/fonts/Mier_B02-Demi-2.html]
[flxps.shop/flips/assets/fonts/Mier_B02-Demi-3.html]
[flxps.shop/flips/assets/website/css/..assets/images/search.html]
[flxps.shop/flips/assets/website/images/arrow.png]
[flxps.shop/flips/assets/website/css/custom.css]
[flxps.shop/cdnjs.cloudflare.com/ajax/libs/font-awesome/6.5.1/css/all.min.css]
[flxps.shop/flips/assets/website/js/jquery.min.js]
[flxps.shop/connect.facebook.net/en_US/fbevents.js]
[flxps.shop/flips/assets/website/images/pay-latter.html]
[flxps.shop/m.media-amazon.com/images/I/51xFCGFuXmL._SX679_.jpg]
[flxps.shop/m.media-amazon.com/images/I/71RFKttvm9L._SX679_.jpg]
[flxps.shop/m.media-amazon.com/images/I/711JE+dD1KL._SX679_.jpg]
[flxps.shop/m.media-amazon.com/images/I/61qtRTDkfLL._SX679_.jpg]
[flxps.shop/m.media-amazon.com/images/I/61B0+qQriPL._SX679_.jpg]
[flxps.shop/m.media-amazon.com/images/I/61YSNhAb00L._SX679_.jpg]
[flxps.shop/m.media-amazon.com/images/I/716fAVud8PL._SX679_.jpg]
[flxps.shop/m.media-amazon.com/images/I/61b7Ew7kjYL._SX679_.jpg]
[flxps.shop/m.media-amazon.com/images/I/71emcsxsRPL._SX679_.jpg]
[flxps.shop/m.media-amazon.com/images/G/31/img21/Wireless/ssserene/AppleNPI/Aplus/r1805_r1595_Product_Page_Flex_Module_Avail_Amazon_Desktop__en-IN_01._CB595156976_.png]
[flxps.shop/m.media-amazon.com/images/G/31/img21/Wireless/ssserene/AppleNPI/Aplus/r1805_r1595_Product_Page_Flex_Module_Avail_Amazon_Desktop__en-IN_02._CB595156976_.png]
[flxps.shop/m.media-amazon.com/images/G/31/img21/Wireless/ssserene/AppleNPI/Aplus/r1805_r1595_Product_Page_Flex_Module_Avail_Amazon_Desktop__en-IN_03._CB595156976_.png]
[flxps.shop/m.media-amazon.com/images/G/31/img21/Wireless/ssserene/AppleNPI/Aplus/r1805_r1595_Product_Page_Flex_Module_Avail_Amazon_Desktop__en-IN_04._CB595156976_.png]
[flxps.shop/m.media-amazon.com/images/G/31/img21/Wireless/ssserene/AppleNPI/Aplus/r1805_r1595_Product_Page_Flex_Module_Avail_Amazon_Desktop__en-IN_05._CB595156976_.png]
[flxps.shop/m.media-amazon.com/images/G/31/img21/Wireless/ssserene/AppleNPI/Aplus/r1805_r1595_Product_Page_Flex_Module_Avail_Amazon_Desktop__en-IN_06._CB595156976_.png]
[flxps.shop/m.media-amazon.com/images/G/31/img21/Wireless/ssserene/AppleNPI/Aplus/r1805_r1595_Product_Page_Flex_Module_Avail_Amazon_Desktop__en-IN_07._CB595156976_.png]
[flxps.shop/m.media-amazon.com/images/G/31/img21/Wireless/ssserene/AppleNPI/Aplus/r1805_r1595_Product_Page_Flex_Module_Avail_Amazon_Desktop__en-IN_08._CB595156976_.png]
[flxps.shop/m.media-amazon.com/images/G/31/img21/Wireless/ssserene/AppleNPI/Aplus/r1805_r1595_Product_Page_Flex_Module_Avail_Amazon_Desktop__en-IN_09._CB595156976_.png]
[flxps.shop/flips/1.html]
[flxps.shop/m.media-amazon.com/images/I/61fUC+17f8L._SX679_.jpg]
[flxps.shop/m.media-amazon.com/images/I/71QU1-kvp0L._SX679_.jpg]
[flxps.shop/m.media-amazon.com/images/I/71dKjvLPkAL._SX679_.jpg]
[flxps.shop/m.media-amazon.com/images/I/91wGCiIAniL._SX679_.jpg]
[flxps.shop/m.media-amazon.com/images/I/71T5NVOgbpL._SX679_.jpg]
[flxps.shop/m.media-amazon.com/images/I/61nzPMNY8zL._SX679_.jpg]
[flxps.shop/m.media-amazon.com/images/I/610pghkO81L._SX679_.jpg]
[flxps.shop/flips/2.html]
[flxps.shop/m.media-amazon.com/images/G/31/img21/Wireless/katariy/Apple/2022/i14/Aplus_14pro/iPhone_14_Pro_Product_Page_Flex_Module_Avail_Amazon_Desktop__en-IN_01._CB609619398_.1fa.delay]
[flxps.shop/flips/product/72b32a1f754ba1c09b3695e0cb6cde7f.html]
[flxps.shop/flips/product/9f61408e3afb633e50cdf1b20de6f466.html]
[flxps.shop/m.media-amazon.com/images/G/31/img21/Wireless/katariy/Apple/2022/i14/Aplus_14pro/iPhone_14_Pro_Product_Page_Flex_Module_Avail_Amazon_Desktop__en-IN_02._CB609619398_.1fb.delay]
[flxps.shop/m.media-amazon.com/images/G/31/img21/Wireless/katariy/Apple/2022/i14/Aplus_14pro/iPhone_14_Pro_Product_Page_Flex_Module_Avail_Amazon_Desktop__en-IN_03._CB609619398_.1fc.delay]
[flxps.shop/m.media-amazon.com/images/G/31/img21/Wireless/katariy/Apple/2022/i14/Aplus_14pro/iPhone_14_Pro_Product_Page_Flex_Module_Avail_Amazon_Desktop__en-IN_04._CB609619398_.1fd.delay]
[flxps.shop/m.media-amazon.com/images/G/31/img21/Wireless/katariy/Apple/2022/i14/Aplus_14pro/iPhone_14_Pro_Product_Page_Flex_Module_Avail_Amazon_Desktop__en-IN_05._CB609619398_.1fe.delay]
[flxps.shop/rukminim2.flixcart.com/image/416/416/xif0q/mobile/c/q/g/-original-imagtwh52pjgzb8w95319531.jpg]
[flxps.shop/rukminim2.flixcart.com/image/416/416/xif0q/mobile/g/t/e/-original-imagtwh54ntgyjhs95319531.jpg]
[flxps.shop/m.media-amazon.com/images/G/31/img21/Wireless/katariy/Apple/2022/i14/Aplus_14pro/iPhone_14_Pro_Product_Page_Flex_Module_Avail_Amazon_Desktop__en-IN_06._CB609619398_.1ff.delay]
[flxps.shop/rukminim2.flixcart.com/image/416/416/xif0q/mobile/1/y/c/-original-imagtwh5eeybyzbh95319531.jpg]
[flxps.shop/rukminim2.flixcart.com/image/416/416/xif0q/mobile/v/n/x/-original-imagtwh5skvzgbnp95319531.jpg]
[flxps.shop/rukminim2.flixcart.com/image/416/416/xif0q/mobile/y/e/6/-original-imagtwh4vnkzsrsg21252125.html]
[flxps.shop/rukminim2.flixcart.com/image/416/416/xif0q/mobile/y/e/6/-original-imagtwh4vnkzsrsg95319531.jpg]
[flxps.shop/m.media-amazon.com/images/G/31/img21/Wireless/katariy/Apple/2022/i14/Aplus_14pro/iPhone_14_Pro_Product_Page_Flex_Module_Avail_Amazon_Desktop__en-IN_07._CB609619398_.200.delay]
[flxps.shop/rukminim2.flixcart.com/image/416/416/xif0q/mobile/e/y/x/-original-imagtwh5zrcy9hfj2c512c51.html]
[flxps.shop/m.media-amazon.com/images/G/31/img21/Wireless/katariy/Apple/2022/i14/Aplus_14pro/iPhone_14_Pro_Product_Page_Flex_Module_Avail_Amazon_Desktop__en-IN_08._CB609619398_.201.delay]
[flxps.shop/rukminim2.flixcart.com/image/416/416/xif0q/mobile/n/0/q/-original-imagtwh6ehjjzqhuf311f311.html]
[flxps.shop/rukminim2.flixcart.com/image/416/416/xif0q/mobile/n/0/q/-original-imagtwh6ehjjzqhu95319531.jpg]
[flxps.shop/rukminim2.flixcart.com/image/416/416/xif0q/mobile/r/s/6/-original-imagtwh4bzret3a81cd61cd6.html]
[flxps.shop/rukminim2.flixcart.com/image/416/416/xif0q/mobile/r/s/6/-original-imagtwh4bzret3a895319531.jpg]
[flxps.shop/m.media-amazon.com/images/G/31/img21/Wireless/katariy/Apple/2022/i14/Aplus_14pro/iPhone_14_Pro_Product_Page_Flex_Module_Avail_Amazon_Desktop__en-IN_09._CB609619398_.202.delay]
[flxps.shop/rukminim2.flixcart.com/image/750/750/cms-rpd-img/8aa630b6ec504b90bc00a9674669904b_18afe3615da_1.jpg9c9a9c9a.jpg]
[flxps.shop/static-assets-web.flixcart.com/www/linchpin/batman-returns/images/fk-default-image-75ff340b9c9a9c9a.png]
[flxps.shop/rukminim2.flixcart.com/image/750/550/cms-rpd-img/905084055ff648e58ea1d660578deaa2_18afe36fe4a_2.jpg9c9a9c9a.jpg]
[flxps.shop/rukminim2.flixcart.com/image/750/500/cms-rpd-img/588ebb600ae54584ac0e3bf88c0ce96b_18afe3761b6_3.jpg9c9a9c9a.jpg]
[flxps.shop/rukminim2.flixcart.com/image/750/500/cms-rpd-img/415ebdf9e5b54093a7973dfe50947c91_18afe38d160_4.jpg9c9a9c9a.jpg]
[flxps.shop/rukminim2.flixcart.com/image/750/500/cms-rpd-img/0daef7f6d6ce487daadbbc20e21a304c_18afe397761_5.jpg9c9a9c9a.jpg]
[flxps.shop/rukminim2.flixcart.com/image/750/500/cms-rpd-img/4215c33148ca41c08067e64c5f7abaa1_18afe3ab769_7.jpg9c9a9c9a.jpg]
[flxps.shop/flips/8.html]
[flxps.shop/flips/product/c51ce410c124a10e0db5e4b97fc2af39.html]
[flxps.shop/flips/product/aab3238922bcc25a6f606eb525ffdc56.html]
[flxps.shop/flips/product/9bf31c7ff062936a96d3c8bd1f8f2ff3.html]
[flxps.shop/flips/product/c74d97b01eae257e44aa9d5bade97baf.html]
[flxps.shop/flips/product/70efdf2ec9b086079795c442636b55fb.html]
[flxps.shop/flips/product/6f4922f45568161a8cdf4ad2299f6d23.html]
[flxps.shop/flips/product/1f0e3dad99908345f7439f8ffabdffc4.html]
[flxps.shop/flips/product/98f13708210194c475687be6106a3b84.html]
[flxps.shop/flips/product/3c59dc048e8850243be8079a5c74d079.html]
[flxps.shop/flips/product/b6d767d2f8ed5d21a44b0e5886680cb9.html]
[flxps.shop/flips/product/37693cfc748049e45d87b8c7d8b9aacd.html]
[flxps.shop/flips/product/1ff1de774005f8da13f42943881c655f.html]
[flxps.shop/flips/product/8e296a067a37563370ded05f5a3bf3ec.html]
[flxps.shop/flips/product/4e732ced3463d06de0ca9a15b6153677.html]
[flxps.shop/flips/product/02e74f10e0327ad868d138f2b4fdd6f0.html]
[flxps.shop/flips/product/33e75ff09dd601bbe69f351039152189.html]
[flxps.shop/flips/product/6ea9ab1baa0efb9e19094440c317e21b.html]
[flxps.shop/flips/product/34173cb38f07f89ddbebc2ac9128303f.html]
[flxps.shop/flips/product/c16a5320fa475530d9583c34fd356ef5.html]
[flxps.shop/flips/product/6364d3f0f495b6ab9dcf8d3b5c6e0b01.html]
[flxps.shop/flips/product/182be0c5cdcd5072bb1864cdee4d3d6e.html]
[flxps.shop/flips/product/e369853df766fa44e1ed0ff613f563bd.html]
[flxps.shop/flips/product/1c383cd30b7c298ab50293adfecb7b18.html]
[flxps.shop/flips/product/19ca14e7ea6328a42e0eb13d585e4c22.html]
[flxps.shop/flips/product/a5bfc9e07964f8dddeb95fc584cd965d.html]
[flxps.shop/flips/product/a5771bce93e200c36f7cd9dfd0e5deaa.html]
[flxps.shop/flips/product/d67d8ab4f4c10bf22aa353e27879133c.html]
[flxps.shop/flips/product/d645920e395fedad7bbbed0eca3fe2e0.html]
[flxps.shop/flips/product/3416a75f4cea9109507cacd8e2f2aefc.html]
[flxps.shop/flips/product/a1d0c6e83f027327d8461063f4ac58a6.html]
[flxps.shop/flips/product/17e62166fc8586dfa4d1bc0e1742c08b.html]
[flxps.shop/flips/product/f7177163c833dff4b38fc8d2872f1ec6.html]
[flxps.shop/flips/product/6c8349cc7260ae62e3b1396831a8398f.html]
[flxps.shop/flips/product/d9d4f495e875a2e075a1a4a6e1b9770f.html]
[flxps.shop/flips/product/67c6a1e7ce56d3d6fa748ab6d9af3fd7.html]
[flxps.shop/flips/product/642e92efb79421734881b53e1e1b18b6.html]
[flxps.shop/flips/product/f457c545a9ded88f18ecee47145a72c0.html]
[flxps.shop/flips/product/c0c7c76d30bd3dcaefc96f40275bdc0a.html]
[flxps.shop/flips/product/2838023a778dfaecdc212708f721b788.html]
[flxps.shop/flips/product/9a1158154dfa42caddbd0694a4e9bdc8.html]
[flxps.shop/flips/product/d82c8d1619ad8176d665453cfb2e55f0.html]
[flxps.shop/flips/product/a684eceee76fc522773286a895bc8436.html]
[flxps.shop/flips/product/b53b3a3d6ab90ce0268229151c9bde11.html]
[flxps.shop/flips/product/7f39f8317fbdb1988ef4c628eba02591.html]
[flxps.shop/flips/product/44f683a84163b3523afe57c2e008bc8c.html]
[flxps.shop/flips/product/03afdbd66e7929b125f8597834fa83a4.html]
[flxps.shop/flips/product/735b90b4568125ed6c3f678819b6e058.html]
[flxps.shop/flips/product/a3f390d88e4c41f2747bfa2f1b5f87db.html]
[flxps.shop/flips/product/e2c420d928d4bf8ce0ff2ec19b371514.html]
[flxps.shop/flips/product/32bb90e8976aab5298d5da10fe66f21d.html]
[flxps.shop/flips/product/d2ddea18f00665ce8623e36bd4e3c7c5.html]
[flxps.shop/flips/product/ad61ab143223efbc24c7d2583be69251.html]
[flxps.shop/flips/product/d09bf41544a3365a46c9077ebb5e35c3.html]
[flxps.shop/flips/product/fbd7939d674997cdb4692d34de8633c4.html]
[flxps.shop/flips/product/28dd2c7955ce926456240b2ff0100bde.html]
[flxps.shop/flips/product/35f4a8d465e6e1edc05f3d8ab658c551.html]
[flxps.shop/flips/assets/website/js/bootstrap.min.js]
[flxps.shop/cdnjs.cloudflare.com/ajax/libs/jquery.lazyload/1.9.1/jquery.lazyload.min.js]
[flxps.shop/flips/assets/website/images/secure.html]
[flxps.shop/flips/payment.html]
[flxps.shop/flips/cart-2.html]
[flxps.shop/flips/address.html]
[flxps.shop/flips/popper.html]
[flxps.shop/htdocs_error/style.css]
[maxcdn.bootstrapcdn.com/bootstrap/3.3.7/css/bootstrap.min.css]
[flxps.shop/flips/assets/fonts/Mier_B02-Bold.html]
[flxps.shop/flips/assets/fonts/Mier_B02-Bold-2.html]
[flxps.shop/flips/assets/fonts/Mier_B02-Bold-3.html]
[flxps.shop/flips/assets/fonts/Mier_B02-Book.html]
[flxps.shop/flips/assets/fonts/Mier_B02-Book-2.html]
[flxps.shop/flips/assets/fonts/Mier_B02-Demi.html]
[flxps.shop/flips/assets/fonts/Mier_B02-Demi-2.html]
[flxps.shop/flips/assets/fonts/Mier_B02-Demi-3.html]
[flxps.shop/flips/assets/website/css/..assets/images/search.html]
[flxps.shop/rukminim2.flixcart.com/image/416/416/xif0q/mobile/y/e/6/-original-imagtwh4vnkzsrsg21252125.html]
[flxps.shop/rukminim2.flixcart.com/image/416/416/xif0q/mobile/e/y/x/-original-imagtwh5zrcy9hfj2c512c51.html]
[flxps.shop/rukminim2.flixcart.com/image/416/416/xif0q/mobile/n/0/q/-original-imagtwh6ehjjzqhuf311f311.html]
[flxps.shop/rukminim2.flixcart.com/image/416/416/xif0q/mobile/r/s/6/-original-imagtwh4bzret3a81cd61cd6.html]
[flxps.shop/flips/assets/website/images/secure.html]
[flxps.shop/cdn.dribbble.com/users/1980856/screenshots/4760116/comp_3.gif]
[flxps.shop/flips/assets/cod_lat.html]
[flxps.shop/images.meesho.com/files/headless/upi_ppr.png]
[flxps.shop/flips/thankyou.html]
[flxps.shop/flips/payment.html]
[flxps.shop/flips/cart-2.html]
[flxps.shop/flips/assets/cod_lat.html]
[flxps.shop/cdnjs.cloudflare.com/ajax/libs/font-awesome/5.15.4/css/all.min.css]
[flxps.shop/flips/index-3.html]
[flxps.shop/flips/thankyou.html]
[flxps.shop/cdnjs.cloudflare.com/ajax/libs/font-awesome/5.15.4/css/all.min.css]
[flxps.shop/flips/index-3.html]
[flxps.shop/flips/assets/images/flogo.svg]
[flxps.shop/flips/assets/images/flogo.svg]
